
*** Running vivado
    with args -log riscv_top.vds -m64 -product Vivado -mode batch -messageDb vivado.pb -notrace -source riscv_top.tcl


ECHO is off.
ECHO is off.

****** Vivado v2023.2 (64-bit)
  **** SW Build 4029153 on Fri Oct 13 20:14:34 MDT 2023
  **** IP Build 4028589 on Sat Oct 14 00:45:43 MDT 2023
  **** SharedData Build 4025554 on Tue Oct 10 17:18:54 MDT 2023
    ** Copyright 1986-2022 Xilinx, Inc. All Rights Reserved.
    ** Copyright 2022-2023 Advanced Micro Devices, Inc. All Rights Reserved.

source riscv_top.tcl -notrace

*** Running vivado
    with args -log riscv_top.vds -m64 -product Vivado -mode batch -messageDb vivado.pb -notrace -source riscv_top.tcl


ECHO is off.
ECHO is off.

****** Vivado v2023.2 (64-bit)
  **** SW Build 4029153 on Fri Oct 13 20:14:34 MDT 2023
  **** IP Build 4028589 on Sat Oct 14 00:45:43 MDT 2023
  **** SharedData Build 4025554 on Tue Oct 10 17:18:54 MDT 2023
    ** Copyright 1986-2022 Xilinx, Inc. All Rights Reserved.
    ** Copyright 2022-2023 Advanced Micro Devices, Inc. All Rights Reserved.

source riscv_top.tcl -notrace
create_project: Time (s): cpu = 00:00:16 ; elapsed = 00:00:16 . Memory (MB): peak = 492.738 ; gain = 178.422
Command: read_checkpoint -auto_incremental -incremental E:/Xilinx/Projects/RISC_V_With_Hazards/RISC_V_With_Hazards.srcs/utils_1/imports/synth_1/riscv_top.dcp
INFO: [Vivado 12-5825] Read reference checkpoint from E:/Xilinx/Projects/RISC_V_With_Hazards/RISC_V_With_Hazards.srcs/utils_1/imports/synth_1/riscv_top.dcp for incremental synthesis
INFO: [Vivado 12-7989] Please ensure there are no constraint changes
Command: synth_design -top riscv_top -part xc7z020clg400-1
Starting synth_design
Attempting to get a license for feature 'Synthesis' and/or device 'xc7z020'
INFO: [Common 17-349] Got license for feature 'Synthesis' and/or device 'xc7z020'
INFO: [Device 21-403] Loading part xc7z020clg400-1
INFO: [Designutils 20-5440] No compile time benefit to using incremental synthesis; A full resynthesis will be run
INFO: [Designutils 20-4379] Flow is switching to default flow due to incremental criteria not met. If you would like to alter this behaviour and have the flow terminate instead, please set the following parameter config_implementation {autoIncr.Synth.RejectBehavior Terminate}
INFO: [Synth 8-7079] Multithreading enabled for synth_design using a maximum of 2 processes.
INFO: [Synth 8-7078] Launching helper process for spawning children vivado processes
INFO: [Synth 8-7075] Helper process launched with PID 21284
---------------------------------------------------------------------------------
Starting RTL Elaboration : Time (s): cpu = 00:00:09 ; elapsed = 00:00:11 . Memory (MB): peak = 1360.254 ; gain = 440.406
---------------------------------------------------------------------------------
INFO: [Synth 8-6157] synthesizing module 'riscv_top' [E:/Xilinx/Projects/RISC_V_With_Hazards/RISC_V_With_Hazards.srcs/sources_1/new/riscv_top.sv:3]
INFO: [Synth 8-6157] synthesizing module 'instruction_memory' [E:/Xilinx/Projects/RISC_V_With_Hazards/RISC_V_With_Hazards.srcs/sources_1/new/fetch_components.sv:3]
INFO: [Synth 8-3876] $readmem data file 'instructions.mem' is read successfully [E:/Xilinx/Projects/RISC_V_With_Hazards/RISC_V_With_Hazards.srcs/sources_1/new/fetch_components.sv:18]
INFO: [Synth 8-6155] done synthesizing module 'instruction_memory' (0#1) [E:/Xilinx/Projects/RISC_V_With_Hazards/RISC_V_With_Hazards.srcs/sources_1/new/fetch_components.sv:3]
INFO: [Synth 8-6157] synthesizing module 'hazard_detection_unit' [E:/Xilinx/Projects/RISC_V_With_Hazards/RISC_V_With_Hazards.srcs/sources_1/new/decode_components.sv:4]
INFO: [Synth 8-6155] done synthesizing module 'hazard_detection_unit' (0#1) [E:/Xilinx/Projects/RISC_V_With_Hazards/RISC_V_With_Hazards.srcs/sources_1/new/decode_components.sv:4]
INFO: [Synth 8-6157] synthesizing module 'control_unit' [E:/Xilinx/Projects/RISC_V_With_Hazards/RISC_V_With_Hazards.srcs/sources_1/new/decode_components.sv:108]
INFO: [Synth 8-155] case statement is not full and has no default [E:/Xilinx/Projects/RISC_V_With_Hazards/RISC_V_With_Hazards.srcs/sources_1/new/decode_components.sv:120]
INFO: [Synth 8-6155] done synthesizing module 'control_unit' (0#1) [E:/Xilinx/Projects/RISC_V_With_Hazards/RISC_V_With_Hazards.srcs/sources_1/new/decode_components.sv:108]
INFO: [Synth 8-6157] synthesizing module 'register_file' [E:/Xilinx/Projects/RISC_V_With_Hazards/RISC_V_With_Hazards.srcs/sources_1/new/decode_components.sv:137]
INFO: [Synth 8-6155] done synthesizing module 'register_file' (0#1) [E:/Xilinx/Projects/RISC_V_With_Hazards/RISC_V_With_Hazards.srcs/sources_1/new/decode_components.sv:137]
INFO: [Synth 8-6157] synthesizing module 'imm_gen' [E:/Xilinx/Projects/RISC_V_With_Hazards/RISC_V_With_Hazards.srcs/sources_1/new/decode_components.sv:159]
INFO: [Synth 8-6155] done synthesizing module 'imm_gen' (0#1) [E:/Xilinx/Projects/RISC_V_With_Hazards/RISC_V_With_Hazards.srcs/sources_1/new/decode_components.sv:159]
INFO: [Synth 8-6157] synthesizing module 'forwarding_unit' [E:/Xilinx/Projects/RISC_V_With_Hazards/RISC_V_With_Hazards.srcs/sources_1/new/execute_components.sv:4]
INFO: [Synth 8-6155] done synthesizing module 'forwarding_unit' (0#1) [E:/Xilinx/Projects/RISC_V_With_Hazards/RISC_V_With_Hazards.srcs/sources_1/new/execute_components.sv:4]
INFO: [Synth 8-6157] synthesizing module 'alu_control' [E:/Xilinx/Projects/RISC_V_With_Hazards/RISC_V_With_Hazards.srcs/sources_1/new/execute_components.sv:73]
INFO: [Synth 8-6155] done synthesizing module 'alu_control' (0#1) [E:/Xilinx/Projects/RISC_V_With_Hazards/RISC_V_With_Hazards.srcs/sources_1/new/execute_components.sv:73]
INFO: [Synth 8-6157] synthesizing module 'alu' [E:/Xilinx/Projects/RISC_V_With_Hazards/RISC_V_With_Hazards.srcs/sources_1/new/execute_components.sv:55]
INFO: [Synth 8-6155] done synthesizing module 'alu' (0#1) [E:/Xilinx/Projects/RISC_V_With_Hazards/RISC_V_With_Hazards.srcs/sources_1/new/execute_components.sv:55]
INFO: [Synth 8-6157] synthesizing module 'data_memory' [E:/Xilinx/Projects/RISC_V_With_Hazards/RISC_V_With_Hazards.srcs/sources_1/new/memory_components.sv:3]
INFO: [Synth 8-226] default block is never used [E:/Xilinx/Projects/RISC_V_With_Hazards/RISC_V_With_Hazards.srcs/sources_1/new/memory_components.sv:24]
INFO: [Synth 8-226] default block is never used [E:/Xilinx/Projects/RISC_V_With_Hazards/RISC_V_With_Hazards.srcs/sources_1/new/memory_components.sv:35]
INFO: [Synth 8-226] default block is never used [E:/Xilinx/Projects/RISC_V_With_Hazards/RISC_V_With_Hazards.srcs/sources_1/new/memory_components.sv:46]
INFO: [Synth 8-226] default block is never used [E:/Xilinx/Projects/RISC_V_With_Hazards/RISC_V_With_Hazards.srcs/sources_1/new/memory_components.sv:57]
INFO: [Synth 8-6155] done synthesizing module 'data_memory' (0#1) [E:/Xilinx/Projects/RISC_V_With_Hazards/RISC_V_With_Hazards.srcs/sources_1/new/memory_components.sv:3]
INFO: [Synth 8-6155] done synthesizing module 'riscv_top' (0#1) [E:/Xilinx/Projects/RISC_V_With_Hazards/RISC_V_With_Hazards.srcs/sources_1/new/riscv_top.sv:3]
WARNING: [Synth 8-7129] Port addr[31] in module data_memory is either unconnected or has no load
WARNING: [Synth 8-7129] Port addr[30] in module data_memory is either unconnected or has no load
WARNING: [Synth 8-7129] Port addr[29] in module data_memory is either unconnected or has no load
WARNING: [Synth 8-7129] Port addr[28] in module data_memory is either unconnected or has no load
WARNING: [Synth 8-7129] Port addr[27] in module data_memory is either unconnected or has no load
WARNING: [Synth 8-7129] Port addr[26] in module data_memory is either unconnected or has no load
WARNING: [Synth 8-7129] Port addr[25] in module data_memory is either unconnected or has no load
WARNING: [Synth 8-7129] Port addr[24] in module data_memory is either unconnected or has no load
WARNING: [Synth 8-7129] Port addr[23] in module data_memory is either unconnected or has no load
WARNING: [Synth 8-7129] Port addr[22] in module data_memory is either unconnected or has no load
WARNING: [Synth 8-7129] Port addr[21] in module data_memory is either unconnected or has no load
WARNING: [Synth 8-7129] Port addr[20] in module data_memory is either unconnected or has no load
WARNING: [Synth 8-7129] Port addr[19] in module data_memory is either unconnected or has no load
WARNING: [Synth 8-7129] Port addr[18] in module data_memory is either unconnected or has no load
WARNING: [Synth 8-7129] Port addr[17] in module data_memory is either unconnected or has no load
WARNING: [Synth 8-7129] Port addr[16] in module data_memory is either unconnected or has no load
WARNING: [Synth 8-7129] Port addr[15] in module data_memory is either unconnected or has no load
WARNING: [Synth 8-7129] Port addr[14] in module data_memory is either unconnected or has no load
WARNING: [Synth 8-7129] Port addr[13] in module data_memory is either unconnected or has no load
WARNING: [Synth 8-7129] Port addr[12] in module data_memory is either unconnected or has no load
WARNING: [Synth 8-7129] Port addr[11] in module data_memory is either unconnected or has no load
WARNING: [Synth 8-7129] Port addr[10] in module data_memory is either unconnected or has no load
WARNING: [Synth 8-7129] Port if_rs2_data_fwd[31] in module hazard_detection_unit is either unconnected or has no load
WARNING: [Synth 8-7129] Port if_rs2_data_fwd[30] in module hazard_detection_unit is either unconnected or has no load
WARNING: [Synth 8-7129] Port if_rs2_data_fwd[29] in module hazard_detection_unit is either unconnected or has no load
WARNING: [Synth 8-7129] Port if_rs2_data_fwd[28] in module hazard_detection_unit is either unconnected or has no load
WARNING: [Synth 8-7129] Port if_rs2_data_fwd[27] in module hazard_detection_unit is either unconnected or has no load
WARNING: [Synth 8-7129] Port if_rs2_data_fwd[26] in module hazard_detection_unit is either unconnected or has no load
WARNING: [Synth 8-7129] Port if_rs2_data_fwd[25] in module hazard_detection_unit is either unconnected or has no load
WARNING: [Synth 8-7129] Port if_rs2_data_fwd[24] in module hazard_detection_unit is either unconnected or has no load
WARNING: [Synth 8-7129] Port if_rs2_data_fwd[23] in module hazard_detection_unit is either unconnected or has no load
WARNING: [Synth 8-7129] Port if_rs2_data_fwd[22] in module hazard_detection_unit is either unconnected or has no load
WARNING: [Synth 8-7129] Port if_rs2_data_fwd[21] in module hazard_detection_unit is either unconnected or has no load
WARNING: [Synth 8-7129] Port if_rs2_data_fwd[20] in module hazard_detection_unit is either unconnected or has no load
WARNING: [Synth 8-7129] Port if_rs2_data_fwd[19] in module hazard_detection_unit is either unconnected or has no load
WARNING: [Synth 8-7129] Port if_rs2_data_fwd[18] in module hazard_detection_unit is either unconnected or has no load
WARNING: [Synth 8-7129] Port if_rs2_data_fwd[17] in module hazard_detection_unit is either unconnected or has no load
WARNING: [Synth 8-7129] Port if_rs2_data_fwd[16] in module hazard_detection_unit is either unconnected or has no load
WARNING: [Synth 8-7129] Port if_rs2_data_fwd[15] in module hazard_detection_unit is either unconnected or has no load
WARNING: [Synth 8-7129] Port if_rs2_data_fwd[14] in module hazard_detection_unit is either unconnected or has no load
WARNING: [Synth 8-7129] Port if_rs2_data_fwd[13] in module hazard_detection_unit is either unconnected or has no load
WARNING: [Synth 8-7129] Port if_rs2_data_fwd[12] in module hazard_detection_unit is either unconnected or has no load
WARNING: [Synth 8-7129] Port if_rs2_data_fwd[11] in module hazard_detection_unit is either unconnected or has no load
WARNING: [Synth 8-7129] Port if_rs2_data_fwd[10] in module hazard_detection_unit is either unconnected or has no load
WARNING: [Synth 8-7129] Port if_rs2_data_fwd[9] in module hazard_detection_unit is either unconnected or has no load
WARNING: [Synth 8-7129] Port if_rs2_data_fwd[8] in module hazard_detection_unit is either unconnected or has no load
WARNING: [Synth 8-7129] Port if_rs2_data_fwd[7] in module hazard_detection_unit is either unconnected or has no load
WARNING: [Synth 8-7129] Port if_rs2_data_fwd[6] in module hazard_detection_unit is either unconnected or has no load
WARNING: [Synth 8-7129] Port if_rs2_data_fwd[5] in module hazard_detection_unit is either unconnected or has no load
WARNING: [Synth 8-7129] Port if_rs2_data_fwd[4] in module hazard_detection_unit is either unconnected or has no load
WARNING: [Synth 8-7129] Port if_rs2_data_fwd[3] in module hazard_detection_unit is either unconnected or has no load
WARNING: [Synth 8-7129] Port if_rs2_data_fwd[2] in module hazard_detection_unit is either unconnected or has no load
WARNING: [Synth 8-7129] Port if_rs2_data_fwd[1] in module hazard_detection_unit is either unconnected or has no load
WARNING: [Synth 8-7129] Port if_rs2_data_fwd[0] in module hazard_detection_unit is either unconnected or has no load
WARNING: [Synth 8-7129] Port ex_alu_result[30] in module hazard_detection_unit is either unconnected or has no load
WARNING: [Synth 8-7129] Port ex_alu_result[29] in module hazard_detection_unit is either unconnected or has no load
WARNING: [Synth 8-7129] Port ex_alu_result[28] in module hazard_detection_unit is either unconnected or has no load
WARNING: [Synth 8-7129] Port ex_alu_result[27] in module hazard_detection_unit is either unconnected or has no load
WARNING: [Synth 8-7129] Port ex_alu_result[26] in module hazard_detection_unit is either unconnected or has no load
WARNING: [Synth 8-7129] Port ex_alu_result[25] in module hazard_detection_unit is either unconnected or has no load
WARNING: [Synth 8-7129] Port ex_alu_result[24] in module hazard_detection_unit is either unconnected or has no load
WARNING: [Synth 8-7129] Port ex_alu_result[23] in module hazard_detection_unit is either unconnected or has no load
WARNING: [Synth 8-7129] Port ex_alu_result[22] in module hazard_detection_unit is either unconnected or has no load
WARNING: [Synth 8-7129] Port ex_alu_result[21] in module hazard_detection_unit is either unconnected or has no load
WARNING: [Synth 8-7129] Port ex_alu_result[20] in module hazard_detection_unit is either unconnected or has no load
WARNING: [Synth 8-7129] Port ex_alu_result[19] in module hazard_detection_unit is either unconnected or has no load
WARNING: [Synth 8-7129] Port ex_alu_result[18] in module hazard_detection_unit is either unconnected or has no load
WARNING: [Synth 8-7129] Port ex_alu_result[17] in module hazard_detection_unit is either unconnected or has no load
WARNING: [Synth 8-7129] Port ex_alu_result[16] in module hazard_detection_unit is either unconnected or has no load
WARNING: [Synth 8-7129] Port ex_alu_result[15] in module hazard_detection_unit is either unconnected or has no load
WARNING: [Synth 8-7129] Port ex_alu_result[14] in module hazard_detection_unit is either unconnected or has no load
WARNING: [Synth 8-7129] Port ex_alu_result[13] in module hazard_detection_unit is either unconnected or has no load
WARNING: [Synth 8-7129] Port ex_alu_result[12] in module hazard_detection_unit is either unconnected or has no load
WARNING: [Synth 8-7129] Port ex_alu_result[11] in module hazard_detection_unit is either unconnected or has no load
WARNING: [Synth 8-7129] Port ex_alu_result[10] in module hazard_detection_unit is either unconnected or has no load
WARNING: [Synth 8-7129] Port ex_alu_result[9] in module hazard_detection_unit is either unconnected or has no load
WARNING: [Synth 8-7129] Port ex_alu_result[8] in module hazard_detection_unit is either unconnected or has no load
WARNING: [Synth 8-7129] Port ex_alu_result[7] in module hazard_detection_unit is either unconnected or has no load
WARNING: [Synth 8-7129] Port ex_alu_result[6] in module hazard_detection_unit is either unconnected or has no load
WARNING: [Synth 8-7129] Port ex_alu_result[5] in module hazard_detection_unit is either unconnected or has no load
WARNING: [Synth 8-7129] Port ex_alu_result[4] in module hazard_detection_unit is either unconnected or has no load
WARNING: [Synth 8-7129] Port ex_alu_result[3] in module hazard_detection_unit is either unconnected or has no load
WARNING: [Synth 8-7129] Port ex_alu_result[2] in module hazard_detection_unit is either unconnected or has no load
WARNING: [Synth 8-7129] Port ex_alu_result[1] in module hazard_detection_unit is either unconnected or has no load
WARNING: [Synth 8-7129] Port ex_alu_result[0] in module hazard_detection_unit is either unconnected or has no load
---------------------------------------------------------------------------------
Finished RTL Elaboration : Time (s): cpu = 00:00:12 ; elapsed = 00:00:15 . Memory (MB): peak = 1473.508 ; gain = 553.660
---------------------------------------------------------------------------------
---------------------------------------------------------------------------------
Start Handling Custom Attributes
---------------------------------------------------------------------------------
---------------------------------------------------------------------------------
Finished Handling Custom Attributes : Time (s): cpu = 00:00:12 ; elapsed = 00:00:15 . Memory (MB): peak = 1473.508 ; gain = 553.660
---------------------------------------------------------------------------------
---------------------------------------------------------------------------------
Finished RTL Optimization Phase 1 : Time (s): cpu = 00:00:12 ; elapsed = 00:00:15 . Memory (MB): peak = 1473.508 ; gain = 553.660
---------------------------------------------------------------------------------
Netlist sorting complete. Time (s): cpu = 00:00:00 ; elapsed = 00:00:00.057 . Memory (MB): peak = 1473.508 ; gain = 0.000
INFO: [Project 1-570] Preparing netlist for logic optimization

Processing XDC Constraints
Initializing timing engine
Parsing XDC File [C:/Users/ACER/Downloads/verilog/pynq-z2_v1.0.xdc/PYNQ-Z2 v1.0.xdc]
Finished Parsing XDC File [C:/Users/ACER/Downloads/verilog/pynq-z2_v1.0.xdc/PYNQ-Z2 v1.0.xdc]
INFO: [Project 1-236] Implementation specific constraints were found while reading constraint file [C:/Users/ACER/Downloads/verilog/pynq-z2_v1.0.xdc/PYNQ-Z2 v1.0.xdc]. These constraints will be ignored for synthesis but will be used in implementation. Impacted constraints are listed in the file [.Xil/riscv_top_propImpl.xdc].
Resolution: To avoid this warning, move constraints listed in [.Xil/riscv_top_propImpl.xdc] to another XDC file and exclude this new file from synthesis with the used_in_synthesis property (File Properties dialog in GUI) and re-run elaboration/synthesis.
Completed Processing XDC Constraints

Netlist sorting complete. Time (s): cpu = 00:00:00 ; elapsed = 00:00:00.001 . Memory (MB): peak = 1574.922 ; gain = 0.000
INFO: [Project 1-111] Unisim Transformation Summary:
No Unisim elements were transformed.

The system cannot find the path specified.
Constraint Validation Runtime : Time (s): cpu = 00:00:00 ; elapsed = 00:00:00.015 . Memory (MB): peak = 1574.922 ; gain = 0.000
INFO: [Designutils 20-5440] No compile time benefit to using incremental synthesis; A full resynthesis will be run
INFO: [Designutils 20-4379] Flow is switching to default flow due to incremental criteria not met. If you would like to alter this behaviour and have the flow terminate instead, please set the following parameter config_implementation {autoIncr.Synth.RejectBehavior Terminate}
---------------------------------------------------------------------------------
Finished Constraint Validation : Time (s): cpu = 00:00:26 ; elapsed = 00:00:31 . Memory (MB): peak = 1574.922 ; gain = 655.074
---------------------------------------------------------------------------------
---------------------------------------------------------------------------------
Start Loading Part and Timing Information
---------------------------------------------------------------------------------
Loading part: xc7z020clg400-1
---------------------------------------------------------------------------------
Finished Loading Part and Timing Information : Time (s): cpu = 00:00:26 ; elapsed = 00:00:31 . Memory (MB): peak = 1574.922 ; gain = 655.074
---------------------------------------------------------------------------------
---------------------------------------------------------------------------------
Start Applying 'set_property' XDC Constraints
---------------------------------------------------------------------------------
---------------------------------------------------------------------------------
Finished applying 'set_property' XDC Constraints : Time (s): cpu = 00:00:26 ; elapsed = 00:00:31 . Memory (MB): peak = 1574.922 ; gain = 655.074
---------------------------------------------------------------------------------
---------------------------------------------------------------------------------
Finished RTL Optimization Phase 2 : Time (s): cpu = 00:00:27 ; elapsed = 00:00:32 . Memory (MB): peak = 1574.922 ; gain = 655.074
---------------------------------------------------------------------------------
---------------------------------------------------------------------------------
Start RTL Component Statistics 
---------------------------------------------------------------------------------
Detailed RTL Component Info : 
+---Adders : 
	   2 Input   32 Bit       Adders := 5     
	   3 Input   32 Bit       Adders := 1     
+---Registers : 
	               32 Bit    Registers := 47    
	                7 Bit    Registers := 1     
	                5 Bit    Registers := 5     
	                3 Bit    Registers := 3     
	                2 Bit    Registers := 1     
	                1 Bit    Registers := 18    
+---ROMs : 
	                    ROMs := 1     
+---Muxes : 
	   2 Input   32 Bit        Muxes := 16    
	  33 Input   32 Bit        Muxes := 2     
	   5 Input   32 Bit        Muxes := 3     
	   6 Input   32 Bit        Muxes := 1     
	   3 Input   32 Bit        Muxes := 2     
	   2 Input   16 Bit        Muxes := 1     
	   4 Input    8 Bit        Muxes := 1     
	   8 Input    3 Bit        Muxes := 1     
	   5 Input    3 Bit        Muxes := 1     
	   7 Input    3 Bit        Muxes := 1     
	   8 Input    2 Bit        Muxes := 1     
	   2 Input    2 Bit        Muxes := 2     
	   2 Input    1 Bit        Muxes := 37    
	   8 Input    1 Bit        Muxes := 7     
---------------------------------------------------------------------------------
Finished RTL Component Statistics 
---------------------------------------------------------------------------------
---------------------------------------------------------------------------------
Start Part Resource Summary
---------------------------------------------------------------------------------
Part Resources:
DSPs: 220 (col length:60)
BRAMs: 280 (col length: RAMB18 60 RAMB36 30)
---------------------------------------------------------------------------------
Finished Part Resource Summary
---------------------------------------------------------------------------------
---------------------------------------------------------------------------------
Start Cross Boundary and Area Optimization
---------------------------------------------------------------------------------
WARNING: [Synth 8-7080] Parallel synthesis criteria is not met
---------------------------------------------------------------------------------
Finished Cross Boundary and Area Optimization : Time (s): cpu = 00:01:12 ; elapsed = 00:01:18 . Memory (MB): peak = 1574.922 ; gain = 655.074
---------------------------------------------------------------------------------
---------------------------------------------------------------------------------
Start ROM, RAM, DSP, Shift Register and Retiming Reporting
---------------------------------------------------------------------------------

Distributed RAM: Preliminary Mapping Report (see note below)
+------------+--------------+-----------+----------------------+-----------------+
|Module Name | RTL Object   | Inference | Size (Depth x Width) | Primitives      | 
+------------+--------------+-----------+----------------------+-----------------+
|riscv_top   | dmem/mem_reg | Implied   | 256 x 32             | RAM256X1S x 32  | 
+------------+--------------+-----------+----------------------+-----------------+

Note: The table above is a preliminary report that shows the Distributed RAMs at the current stage of the synthesis flow. Some Distributed RAMs may be reimplemented as non Distributed RAM primitives later in the synthesis flow. Multiple instantiated RAMs are reported only once.
---------------------------------------------------------------------------------
Finished ROM, RAM, DSP, Shift Register and Retiming Reporting
---------------------------------------------------------------------------------
---------------------------------------------------------------------------------
Start Applying XDC Timing Constraints
---------------------------------------------------------------------------------
---------------------------------------------------------------------------------
Finished Applying XDC Timing Constraints : Time (s): cpu = 00:01:23 ; elapsed = 00:01:28 . Memory (MB): peak = 1574.922 ; gain = 655.074
---------------------------------------------------------------------------------
---------------------------------------------------------------------------------
Start Timing Optimization
---------------------------------------------------------------------------------
---------------------------------------------------------------------------------
Finished Timing Optimization : Time (s): cpu = 00:02:04 ; elapsed = 00:02:10 . Memory (MB): peak = 1637.082 ; gain = 717.234
---------------------------------------------------------------------------------
---------------------------------------------------------------------------------
Start ROM, RAM, DSP, Shift Register and Retiming Reporting
---------------------------------------------------------------------------------

Distributed RAM: Final Mapping Report
+------------+--------------+-----------+----------------------+-----------------+
|Module Name | RTL Object   | Inference | Size (Depth x Width) | Primitives      | 
+------------+--------------+-----------+----------------------+-----------------+
|riscv_top   | dmem/mem_reg | Implied   | 256 x 32             | RAM256X1S x 32  | 
+------------+--------------+-----------+----------------------+-----------------+

---------------------------------------------------------------------------------
Finished ROM, RAM, DSP, Shift Register and Retiming Reporting
---------------------------------------------------------------------------------
---------------------------------------------------------------------------------
Start Technology Mapping
---------------------------------------------------------------------------------
INFO: [Synth 8-7052] The timing for the instance imem/instruction_reg (implemented as a Block RAM) might be sub-optimal as no optional output register could be merged into the ram block. Providing additional output register may help in improving timing.
---------------------------------------------------------------------------------
Finished Technology Mapping : Time (s): cpu = 00:02:06 ; elapsed = 00:02:12 . Memory (MB): peak = 1655.180 ; gain = 735.332
---------------------------------------------------------------------------------
---------------------------------------------------------------------------------
Start IO Insertion
---------------------------------------------------------------------------------
---------------------------------------------------------------------------------
Start Flattening Before IO Insertion
---------------------------------------------------------------------------------
---------------------------------------------------------------------------------
Finished Flattening Before IO Insertion
---------------------------------------------------------------------------------
---------------------------------------------------------------------------------
Start Final Netlist Cleanup
---------------------------------------------------------------------------------
---------------------------------------------------------------------------------
Finished Final Netlist Cleanup
---------------------------------------------------------------------------------
---------------------------------------------------------------------------------
Finished IO Insertion : Time (s): cpu = 00:02:15 ; elapsed = 00:02:21 . Memory (MB): peak = 1655.180 ; gain = 735.332
---------------------------------------------------------------------------------
---------------------------------------------------------------------------------
Start Renaming Generated Instances
---------------------------------------------------------------------------------
---------------------------------------------------------------------------------
Finished Renaming Generated Instances : Time (s): cpu = 00:02:15 ; elapsed = 00:02:21 . Memory (MB): peak = 1655.180 ; gain = 735.332
---------------------------------------------------------------------------------
---------------------------------------------------------------------------------
Start Rebuilding User Hierarchy
---------------------------------------------------------------------------------
---------------------------------------------------------------------------------
Finished Rebuilding User Hierarchy : Time (s): cpu = 00:02:16 ; elapsed = 00:02:21 . Memory (MB): peak = 1655.180 ; gain = 735.332
---------------------------------------------------------------------------------
---------------------------------------------------------------------------------
Start Renaming Generated Ports
---------------------------------------------------------------------------------
---------------------------------------------------------------------------------
Finished Renaming Generated Ports : Time (s): cpu = 00:02:16 ; elapsed = 00:02:21 . Memory (MB): peak = 1655.180 ; gain = 735.332
---------------------------------------------------------------------------------
---------------------------------------------------------------------------------
Start Handling Custom Attributes
---------------------------------------------------------------------------------
---------------------------------------------------------------------------------
Finished Handling Custom Attributes : Time (s): cpu = 00:02:16 ; elapsed = 00:02:21 . Memory (MB): peak = 1655.180 ; gain = 735.332
---------------------------------------------------------------------------------
---------------------------------------------------------------------------------
Start Renaming Generated Nets
---------------------------------------------------------------------------------
---------------------------------------------------------------------------------
Finished Renaming Generated Nets : Time (s): cpu = 00:02:16 ; elapsed = 00:02:22 . Memory (MB): peak = 1655.180 ; gain = 735.332
---------------------------------------------------------------------------------
---------------------------------------------------------------------------------
Start Writing Synthesis Report
---------------------------------------------------------------------------------

Report BlackBoxes: 
+-+--------------+----------+
| |BlackBox name |Instances |
+-+--------------+----------+
+-+--------------+----------+

Report Cell Usage: 
+------+----------+------+
|      |Cell      |Count |
+------+----------+------+
|1     |BUFG      |     1|
|2     |CARRY4    |    52|
|3     |LUT1      |     4|
|4     |LUT2      |    71|
|5     |LUT3      |    84|
|6     |LUT4      |    95|
|7     |LUT5      |   277|
|8     |LUT6      |   747|
|9     |MUXF7     |   264|
|10    |MUXF8     |   128|
|11    |RAM256X1S |    32|
|12    |RAMB18E1  |     1|
|13    |FDRE      |  1471|
|14    |FDSE      |     2|
|15    |IBUF      |     2|
|16    |OBUF      |     4|
+------+----------+------+
---------------------------------------------------------------------------------
Finished Writing Synthesis Report : Time (s): cpu = 00:02:16 ; elapsed = 00:02:22 . Memory (MB): peak = 1655.180 ; gain = 735.332
---------------------------------------------------------------------------------
Synthesis finished with 0 errors, 0 critical warnings and 1 warnings.
Synthesis Optimization Runtime : Time (s): cpu = 00:02:00 ; elapsed = 00:02:17 . Memory (MB): peak = 1655.180 ; gain = 633.918
Synthesis Optimization Complete : Time (s): cpu = 00:02:16 ; elapsed = 00:02:22 . Memory (MB): peak = 1655.180 ; gain = 735.332
INFO: [Project 1-571] Translating synthesized netlist
Netlist sorting complete. Time (s): cpu = 00:00:00 ; elapsed = 00:00:00.072 . Memory (MB): peak = 1658.023 ; gain = 0.000
INFO: [Netlist 29-17] Analyzing 477 Unisim elements for replacement
INFO: [Netlist 29-28] Unisim Transformation completed in 1 CPU seconds
INFO: [Project 1-570] Preparing netlist for logic optimization
INFO: [Opt 31-138] Pushed 0 inverter(s) to 0 load pin(s).
Netlist sorting complete. Time (s): cpu = 00:00:00 ; elapsed = 00:00:00.001 . Memory (MB): peak = 1658.023 ; gain = 0.000
INFO: [Project 1-111] Unisim Transformation Summary:
  A total of 32 instances were transformed.
  RAM256X1S => RAM256X1S (MUXF7(x2), MUXF8, RAMS64E(x4)): 32 instances

The system cannot find the path specified.
Synth Design complete | Checksum: 42daa64
INFO: [Common 17-83] Releasing license: Synthesis
48 Infos, 86 Warnings, 0 Critical Warnings and 0 Errors encountered.
synth_design completed successfully
synth_design: Time (s): cpu = 00:02:24 ; elapsed = 00:02:45 . Memory (MB): peak = 1658.023 ; gain = 1157.195
Write ShapeDB Complete: Time (s): cpu = 00:00:00 ; elapsed = 00:00:00.012 . Memory (MB): peak = 1658.023 ; gain = 0.000
INFO: [Common 17-1381] The checkpoint 'E:/Xilinx/Projects/RISC_V_With_Hazards/RISC_V_With_Hazards.runs/synth_1/riscv_top.dcp' has been generated.
INFO: [runtcl-4] Executing : report_utilization -file riscv_top_utilization_synth.rpt -pb riscv_top_utilization_synth.pb
INFO: [Common 17-206] Exiting Vivado at Mon Feb  9 14:49:56 2026...
